<?xml version="1.0" encoding="UTF-8"?>
<!-- Generated by org.testng.reporters.JUnitReportReporter -->
<testsuite skipped="0" hostname="AnrinoiMac" name="selenium.TestNGParallelTestsDataprovider" tests="2" failures="0" timestamp="20 May 2020 17:30:06 GMT" time="99.497" errors="0">
  <testcase name="searchTest" time="49.880" classname="selenium.TestNGParallelTestsDataprovider"/>
  <testcase name="searchTest" time="49.617" classname="selenium.TestNGParallelTestsDataprovider"/>
</testsuite> <!-- selenium.TestNGParallelTestsDataprovider -->
